2018-12-21 10:44:53.379 INFO  com.itkang.blog.BlogSysApplication Line:50  - Starting BlogSysApplication on LK-PC with PID 7632 (E:\IdeaProjects\blog-sys\target\classes started by mis in E:\IdeaProjects\blog-sys)
2018-12-21 10:44:53.410 INFO  com.itkang.blog.BlogSysApplication Line:679 - The following profiles are active: dev
2018-12-21 10:44:55.220 INFO  org.springframework.boot.web.embedded.tomcat.TomcatWebServer Line:90  - Tomcat initialized with port(s): 8081 (http)
2018-12-21 10:44:55.251 INFO  org.apache.catalina.core.StandardService Line:173 - Starting service [Tomcat]
2018-12-21 10:44:55.251 INFO  org.apache.catalina.core.StandardEngine Line:173 - Starting Servlet Engine: Apache Tomcat/9.0.13
2018-12-21 10:44:55.251 INFO  org.apache.catalina.core.AprLifecycleListener Line:173 - The APR based Apache Tomcat Native library which allows optimal performance in production environments was not found on the java.library.path: [E:\Java\jdk1.8.0_161\bin;C:\WINDOWS\Sun\Java\bin;C:\WINDOWS\system32;C:\WINDOWS;D:\Program Files\hadoop-2.2.0;C:\Python27\;C:\Python27\Scripts;D:\Program Files\apache-maven-3.3.9\bin;E:\Java\jdk1.8.0_161\bin;C:\Program Files (x86)\Intel\iCLS Client\;C:\Program Files\Intel\iCLS Client\;C:\WINDOWS\system32;C:\WINDOWS;C:\WINDOWS\System32\Wbem;C:\WINDOWS\System32\WindowsPowerShell\v1.0\;C:\Program Files\Intel\WiFi\bin\;C:\Program Files\Common Files\Intel\WirelessCommon\;C:\Program Files\Lenovo\Fingerprint Manager Pro\;C:\Program Files\Intel\Intel(R) Management Engine Components\DAL;C:\Program Files (x86)\Intel\Intel(R) Management Engine Components\DAL;C:\Program Files\Intel\Intel(R) Management Engine Components\IPT;C:\Program Files (x86)\Intel\Intel(R) Management Engine Components\IPT;D:\Program Files\nodejs\;D:\Program Files (x86)\MySQL\MySQL Server 5.5\bin;D:\Program Files\SVN\bin;E:\Go\bin;C:\Users\mis\Anaconda2;C:\Users\mis\Anaconda2\Scripts;C:\Users\mis\Anaconda2\Library\bin;C:\Program Files\Intel\WiFi\bin\;C:\Program Files\Common Files\Intel\WirelessCommon\;C:\Users\mis\AppData\Roaming\npm;E:\maven\apache-maven-3.5.3\bin;C:\Users\mis\go\bin;.]
2018-12-21 10:44:55.376 INFO  org.apache.catalina.core.ContainerBase.[Tomcat].[localhost].[/] Line:173 - Initializing Spring embedded WebApplicationContext
2018-12-21 10:44:55.376 INFO  org.springframework.web.context.ContextLoader Line:296 - Root WebApplicationContext: initialization completed in 1888 ms
2018-12-21 10:44:55.906 INFO  org.springframework.scheduling.concurrent.ThreadPoolTaskExecutor Line:171 - Initializing ExecutorService 'applicationTaskExecutor'
2018-12-21 10:44:56.249 INFO  org.springframework.boot.web.embedded.tomcat.TomcatWebServer Line:204 - Tomcat started on port(s): 8081 (http) with context path ''
2018-12-21 10:44:56.249 INFO  com.itkang.blog.BlogSysApplication Line:59  - Started BlogSysApplication in 3.822 seconds (JVM running for 4.567)
2018-12-21 10:47:48.384 INFO  org.apache.catalina.core.ContainerBase.[Tomcat].[localhost].[/] Line:173 - Initializing Spring DispatcherServlet 'dispatcherServlet'
2018-12-21 10:47:48.384 INFO  org.springframework.web.servlet.DispatcherServlet Line:524 - Initializing Servlet 'dispatcherServlet'
2018-12-21 10:47:48.384 INFO  org.springframework.web.servlet.DispatcherServlet Line:546 - Completed initialization in 0 ms
2018-12-21 10:52:21.765 INFO  com.itkang.blog.BlogSysApplication Line:50  - Starting BlogSysApplication on LK-PC with PID 6512 (E:\IdeaProjects\blog-sys\target\classes started by mis in E:\IdeaProjects\blog-sys)
2018-12-21 10:52:21.781 INFO  com.itkang.blog.BlogSysApplication Line:679 - The following profiles are active: dev
2018-12-21 10:52:23.623 INFO  org.springframework.boot.web.embedded.tomcat.TomcatWebServer Line:90  - Tomcat initialized with port(s): 8081 (http)
2018-12-21 10:52:23.640 INFO  org.apache.catalina.core.StandardService Line:173 - Starting service [Tomcat]
2018-12-21 10:52:23.656 INFO  org.apache.catalina.core.StandardEngine Line:173 - Starting Servlet Engine: Apache Tomcat/9.0.13
2018-12-21 10:52:23.656 INFO  org.apache.catalina.core.AprLifecycleListener Line:173 - The APR based Apache Tomcat Native library which allows optimal performance in production environments was not found on the java.library.path: [E:\Java\jdk1.8.0_161\bin;C:\WINDOWS\Sun\Java\bin;C:\WINDOWS\system32;C:\WINDOWS;D:\Program Files\hadoop-2.2.0;C:\Python27\;C:\Python27\Scripts;D:\Program Files\apache-maven-3.3.9\bin;E:\Java\jdk1.8.0_161\bin;C:\Program Files (x86)\Intel\iCLS Client\;C:\Program Files\Intel\iCLS Client\;C:\WINDOWS\system32;C:\WINDOWS;C:\WINDOWS\System32\Wbem;C:\WINDOWS\System32\WindowsPowerShell\v1.0\;C:\Program Files\Intel\WiFi\bin\;C:\Program Files\Common Files\Intel\WirelessCommon\;C:\Program Files\Lenovo\Fingerprint Manager Pro\;C:\Program Files\Intel\Intel(R) Management Engine Components\DAL;C:\Program Files (x86)\Intel\Intel(R) Management Engine Components\DAL;C:\Program Files\Intel\Intel(R) Management Engine Components\IPT;C:\Program Files (x86)\Intel\Intel(R) Management Engine Components\IPT;D:\Program Files\nodejs\;D:\Program Files (x86)\MySQL\MySQL Server 5.5\bin;D:\Program Files\SVN\bin;E:\Go\bin;C:\Users\mis\Anaconda2;C:\Users\mis\Anaconda2\Scripts;C:\Users\mis\Anaconda2\Library\bin;C:\Program Files\Intel\WiFi\bin\;C:\Program Files\Common Files\Intel\WirelessCommon\;C:\Users\mis\AppData\Roaming\npm;E:\maven\apache-maven-3.5.3\bin;C:\Users\mis\go\bin;.]
2018-12-21 10:52:23.905 INFO  org.apache.catalina.core.ContainerBase.[Tomcat].[localhost].[/] Line:173 - Initializing Spring embedded WebApplicationContext
2018-12-21 10:52:23.905 INFO  org.springframework.web.context.ContextLoader Line:296 - Root WebApplicationContext: initialization completed in 2078 ms
2018-12-21 10:52:24.358 INFO  org.springframework.scheduling.concurrent.ThreadPoolTaskExecutor Line:171 - Initializing ExecutorService 'applicationTaskExecutor'
2018-12-21 10:52:24.671 INFO  org.springframework.boot.web.embedded.tomcat.TomcatWebServer Line:204 - Tomcat started on port(s): 8081 (http) with context path ''
2018-12-21 10:52:24.671 INFO  com.itkang.blog.BlogSysApplication Line:59  - Started BlogSysApplication in 3.514 seconds (JVM running for 4.104)
2018-12-21 10:52:41.132 INFO  org.apache.catalina.core.ContainerBase.[Tomcat].[localhost].[/] Line:173 - Initializing Spring DispatcherServlet 'dispatcherServlet'
2018-12-21 10:52:41.132 INFO  org.springframework.web.servlet.DispatcherServlet Line:524 - Initializing Servlet 'dispatcherServlet'
2018-12-21 10:52:41.147 INFO  org.springframework.web.servlet.DispatcherServlet Line:546 - Completed initialization in 15 ms
2018-12-21 10:56:41.642 INFO  com.itkang.blog.BlogSysApplication Line:50  - Starting BlogSysApplication on LK-PC with PID 9848 (E:\IdeaProjects\blog-sys\target\classes started by mis in E:\IdeaProjects\blog-sys)
2018-12-21 10:56:41.658 INFO  com.itkang.blog.BlogSysApplication Line:679 - The following profiles are active: dev
2018-12-21 10:56:43.717 INFO  org.springframework.boot.web.embedded.tomcat.TomcatWebServer Line:90  - Tomcat initialized with port(s): 8081 (http)
2018-12-21 10:56:43.732 INFO  org.apache.catalina.core.StandardService Line:173 - Starting service [Tomcat]
2018-12-21 10:56:43.732 INFO  org.apache.catalina.core.StandardEngine Line:173 - Starting Servlet Engine: Apache Tomcat/9.0.13
2018-12-21 10:56:43.748 INFO  org.apache.catalina.core.AprLifecycleListener Line:173 - The APR based Apache Tomcat Native library which allows optimal performance in production environments was not found on the java.library.path: [E:\Java\jdk1.8.0_161\bin;C:\WINDOWS\Sun\Java\bin;C:\WINDOWS\system32;C:\WINDOWS;D:\Program Files\hadoop-2.2.0;C:\Python27\;C:\Python27\Scripts;D:\Program Files\apache-maven-3.3.9\bin;E:\Java\jdk1.8.0_161\bin;C:\Program Files (x86)\Intel\iCLS Client\;C:\Program Files\Intel\iCLS Client\;C:\WINDOWS\system32;C:\WINDOWS;C:\WINDOWS\System32\Wbem;C:\WINDOWS\System32\WindowsPowerShell\v1.0\;C:\Program Files\Intel\WiFi\bin\;C:\Program Files\Common Files\Intel\WirelessCommon\;C:\Program Files\Lenovo\Fingerprint Manager Pro\;C:\Program Files\Intel\Intel(R) Management Engine Components\DAL;C:\Program Files (x86)\Intel\Intel(R) Management Engine Components\DAL;C:\Program Files\Intel\Intel(R) Management Engine Components\IPT;C:\Program Files (x86)\Intel\Intel(R) Management Engine Components\IPT;D:\Program Files\nodejs\;D:\Program Files (x86)\MySQL\MySQL Server 5.5\bin;D:\Program Files\SVN\bin;E:\Go\bin;C:\Users\mis\Anaconda2;C:\Users\mis\Anaconda2\Scripts;C:\Users\mis\Anaconda2\Library\bin;C:\Program Files\Intel\WiFi\bin\;C:\Program Files\Common Files\Intel\WirelessCommon\;C:\Users\mis\AppData\Roaming\npm;E:\maven\apache-maven-3.5.3\bin;C:\Users\mis\go\bin;.]
2018-12-21 10:56:43.982 INFO  org.apache.catalina.core.ContainerBase.[Tomcat].[localhost].[/] Line:173 - Initializing Spring embedded WebApplicationContext
2018-12-21 10:56:43.982 INFO  org.springframework.web.context.ContextLoader Line:296 - Root WebApplicationContext: initialization completed in 2278 ms
2018-12-21 10:56:44.434 INFO  org.springframework.scheduling.concurrent.ThreadPoolTaskExecutor Line:171 - Initializing ExecutorService 'applicationTaskExecutor'
2018-12-21 10:56:44.731 INFO  org.springframework.boot.web.embedded.tomcat.TomcatWebServer Line:204 - Tomcat started on port(s): 8081 (http) with context path ''
2018-12-21 10:56:44.731 INFO  com.itkang.blog.BlogSysApplication Line:59  - Started BlogSysApplication in 3.651 seconds (JVM running for 4.266)
2018-12-21 10:56:48.850 INFO  org.apache.catalina.core.ContainerBase.[Tomcat].[localhost].[/] Line:173 - Initializing Spring DispatcherServlet 'dispatcherServlet'
2018-12-21 10:56:48.850 INFO  org.springframework.web.servlet.DispatcherServlet Line:524 - Initializing Servlet 'dispatcherServlet'
2018-12-21 10:56:48.866 INFO  org.springframework.web.servlet.DispatcherServlet Line:546 - Completed initialization in 16 ms
